38
38
8
8
11
38
11
38
11
38
8
5
0
46
35
49
39
32
35
2
0
17
14
51
51
51
51
51
51
8
37
14
0
45
49
32
35
39
11
4
38
38
38
38
38
38
38
38
38
53
32
38
13
34
37
34
1
17
14
45
49
17
31
49
53
13
34
5
37
31
11
0
37
49
53
37
2
13
13
34
14
46
17
51
34
17
17
14
2
53
37
2
34
53
13
13
13
13
13
4
4
4
4
4
4
4
34
40
14
16
35
15
14
1
1
49
53
0
51
51
51
51
51
51
51
53
41
13
36
11
37
36
15
8
45
35
46
49
35
32
11
37
34
1
4
36
11
35
11
35
38
38
8
45
35
46
49
34
45
1
17
0
37
37
49
8
45
35
46
49
32
45
37
34
45
40
49
5
37
31
11
0
37
27
40
14
35
15
14
51
51
51
32
16
35
15
14
51
51
51
51
51
16
35
15
14
1
1
36
45
35
46
49
34
45
1
17
0
37
37
49
5
37
31
11
0
37
27
40
14
16
35
15
14
1
1
49
27
27
1
0
9
14
36
126
126
126
36
31
35
14
45
49
47
36
11
35
11
35
11
35
38
38
11
4
13
4
5
5
15
38
38
38
38
38
36
38
38
40
36
38
2
40
36
44
53
40
13
4
40
40
40
38
36
5
5
44
17
0
34
37
1
36
38
38
44
17
0
34
36
2
2
40
41
13
36
5
5
5
44
14
9
14
45
17
1
36
45
45
5
5
44
34
1
53
11
37
8
5
0
8
11
4
13
4
2
40
34
40
40
0
53
4
34
51
20
53
37
34
51
19
53
41
13
36
13
12
11
37
8
5
0
46
35
49
39
15
14
46
31
9
14
49
32
45
32
1
14
2
49
46
31
2
32
37
14
39
36
